# JRE version: OpenJDK Runtime Environment Corretto-20.0.1.9.1 (20.0.1+9) (build 20.0.1+9-FR)
# Java VM: OpenJDK 64-Bit Server VM Corretto-20.0.1.9.1 (20.0.1+9-FR, mixed mode, sharing, tiered, compressed oops, compressed class ptrs, g1 gc, bsd-amd64)
GC Precious Log:
 CardTable entry size: 512
 Card Set container configuration: InlinePtr #cards 5 size 8 Array Of Cards #cards 12 size 40 Howl #buckets 4 coarsen threshold 1843 Howl Bitmap #cards 512 size 80 coarsen threshold 460 Card regions per heap region 1 cards per card region 2048
 CPUs: 8 total, 8 available
 Memory: 8192M
 Large Page Support: Disabled
 NUMA Support: Disabled
 Compressed Oops: Enabled (Zero based)
 Heap Region Size: 1M
 Heap Min Capacity: 8M
 Heap Initial Capacity: 128M
 Heap Max Capacity: 2G
 Pre-touch: Disabled
 Parallel Workers: 8
 Concurrent Workers: 2
 Concurrent Refinement Workers: 8
 Periodic GC: Disabled
Heap:
 garbage-first heap   total 133120K, used 103161K [0x0000000780000000, 0x0000000800000000)
  region size 1024K, 72 young (73728K), 5 survivors (5120K)
 Metaspace       used 11544K, committed 11776K, reserved 1114112K
  class space    used 1120K, committed 1216K, reserved 1048576K
GC Heap History (16 events):
Event: 6.730 GC heap before
{Heap before GC invocations=0 (full 0):
 garbage-first heap   total 133120K, used 46044K [0x0000000780000000, 0x0000000800000000)
  region size 1024K, 23 young (23552K), 0 survivors (0K)
 Metaspace       used 9769K, committed 10048K, reserved 1114112K
  class space    used 1024K, committed 1152K, reserved 1048576K
}
Event: 6.754 GC heap after
{Heap after GC invocations=1 (full 0):
 garbage-first heap   total 133120K, used 25580K [0x0000000780000000, 0x0000000800000000)
  region size 1024K, 3 young (3072K), 3 survivors (3072K)
 Metaspace       used 9769K, committed 10048K, reserved 1114112K
  class space    used 1024K, committed 1152K, reserved 1048576K
}
Event: 6.799 GC heap before
{Heap before GC invocations=1 (full 0):
 garbage-first heap   total 133120K, used 68588K [0x0000000780000000, 0x0000000800000000)
  region size 1024K, 45 young (46080K), 3 survivors (3072K)
 Metaspace       used 9927K, committed 10240K, reserved 1114112K
  class space    used 1047K, committed 1216K, reserved 1048576K
}
Event: 6.808 GC heap after
{Heap after GC invocations=2 (full 0):
 garbage-first heap   total 133120K, used 25789K [0x0000000780000000, 0x0000000800000000)
  region size 1024K, 4 young (4096K), 4 survivors (4096K)
 Metaspace       used 9927K, committed 10240K, reserved 1114112K
  class space    used 1047K, committed 1216K, reserved 1048576K
}
Event: 6.875 GC heap before
{Heap before GC invocations=2 (full 0):
 garbage-first heap   total 133120K, used 99517K [0x0000000780000000, 0x0000000800000000)
  region size 1024K, 76 young (77824K), 4 survivors (4096K)
 Metaspace       used 9948K, committed 10240K, reserved 1114112K
  class space    used 1047K, committed 1216K, reserved 1048576K
}
Event: 6.879 GC heap after
{Heap after GC invocations=3 (full 0):
 garbage-first heap   total 133120K, used 25742K [0x0000000780000000, 0x0000000800000000)
  region size 1024K, 4 young (4096K), 4 survivors (4096K)
 Metaspace       used 9948K, committed 10240K, reserved 1114112K
  class space    used 1047K, committed 1216K, reserved 1048576K
}
Event: 8.851 GC heap before
{Heap before GC invocations=3 (full 0):
 garbage-first heap   total 133120K, used 108686K [0x0000000780000000, 0x0000000800000000)
  region size 1024K, 76 young (77824K), 4 survivors (4096K)
 Metaspace       used 10726K, committed 11008K, reserved 1114112K
  class space    used 1096K, committed 1216K, reserved 1048576K
}
Event: 8.864 GC heap after
{Heap after GC invocations=4 (full 0):
 garbage-first heap   total 133120K, used 35267K [0x0000000780000000, 0x0000000800000000)
  region size 1024K, 4 young (4096K), 4 survivors (4096K)
 Metaspace       used 10726K, committed 11008K, reserved 1114112K
  class space    used 1096K, committed 1216K, reserved 1048576K
}
Event: 11.184 GC heap before
{Heap before GC invocations=4 (full 0):
 garbage-first heap   total 133120K, used 108995K [0x0000000780000000, 0x0000000800000000)
  region size 1024K, 76 young (77824K), 4 survivors (4096K)
 Metaspace       used 11034K, committed 11264K, reserved 1114112K
  class space    used 1099K, committed 1216K, reserved 1048576K
}
Event: 11.192 GC heap after
{Heap after GC invocations=5 (full 0):
 garbage-first heap   total 133120K, used 35650K [0x0000000780000000, 0x0000000800000000)
  region size 1024K, 4 young (4096K), 4 survivors (4096K)
 Metaspace       used 11034K, committed 11264K, reserved 1114112K
  class space    used 1099K, committed 1216K, reserved 1048576K
}
Event: 13.022 GC heap before
{Heap before GC invocations=5 (full 0):
 garbage-first heap   total 133120K, used 109378K [0x0000000780000000, 0x0000000800000000)
  region size 1024K, 76 young (77824K), 4 survivors (4096K)
 Metaspace       used 11120K, committed 11392K, reserved 1114112K
  class space    used 1099K, committed 1216K, reserved 1048576K
}
Event: 13.029 GC heap after
{Heap after GC invocations=6 (full 0):
 garbage-first heap   total 133120K, used 35794K [0x0000000780000000, 0x0000000800000000)
  region size 1024K, 4 young (4096K), 4 survivors (4096K)
 Metaspace       used 11120K, committed 11392K, reserved 1114112K
  class space    used 1099K, committed 1216K, reserved 1048576K
}
Event: 15.047 GC heap before
{Heap before GC invocations=6 (full 0):
 garbage-first heap   total 133120K, used 109522K [0x0000000780000000, 0x0000000800000000)
  region size 1024K, 76 young (77824K), 4 survivors (4096K)
 Metaspace       used 11260K, committed 11456K, reserved 1114112K
  class space    used 1099K, committed 1216K, reserved 1048576K
}
Event: 15.060 GC heap after
{Heap after GC invocations=7 (full 0):
 garbage-first heap   total 133120K, used 36077K [0x0000000780000000, 0x0000000800000000)
  region size 1024K, 5 young (5120K), 5 survivors (5120K)
 Metaspace       used 11260K, committed 11456K, reserved 1114112K
  class space    used 1099K, committed 1216K, reserved 1048576K
}
Event: 18.993 GC heap before
{Heap before GC invocations=7 (full 0):
 garbage-first heap   total 133120K, used 108781K [0x0000000780000000, 0x0000000800000000)
  region size 1024K, 76 young (77824K), 5 survivors (5120K)
 Metaspace       used 11426K, committed 11712K, reserved 1114112K
  class space    used 1109K, committed 1216K, reserved 1048576K
}
Event: 19.011 GC heap after
{Heap after GC invocations=8 (full 0):
 garbage-first heap   total 133120K, used 36601K [0x0000000780000000, 0x0000000800000000)
  region size 1024K, 5 young (5120K), 5 survivors (5120K)
 Metaspace       used 11426K, committed 11712K, reserved 1114112K
  class space    used 1109K, committed 1216K, reserved 1048576K
}

